CBMC version 5.61.0 (cbmc-5.61.0-111-g2a9c1069ad) 64-bit x86_64 linux
Parsing examples/peterson_1.swarm/_csdr_peterson_1__instance_0_s8.c
Converting
Type-checking _csdr_peterson_1__instance_0_s8
Generating GOTO Program
Adding CPROVER library (x86_64)
Removal of function pointers and virtual functions
Generic Property Instrumentation
Adding nondeterministic initialization of static/global variables
Running with 8 object bits, 24 offset bits (default)
Starting Bounded Model Checking
Runtime Symex: 0.0562793s
size of program expression: 630 steps
simple slicing removed 5 assignments
Generated 1 VCC(s), 1 remaining after simplification
Runtime Postprocess Equation: 7.1592e-05s
Passing problem to propositional reduction
converting SSA
Runtime Convert SSA: 0.00868907s
Running propositional reduction
Post-processing
Runtime Post-process: 0.000146642s
Solving with MiniSAT 2.2.1 with simplifier
3207 variables, 7696 clauses
SAT checker: instance is SATISFIABLE
Runtime Solver: 0.0192255s
Runtime decision procedure: 0.0343261s

** Results:
examples/peterson_1.swarm/_csdr_peterson_1__instance_0_s8.c function __cs_barrier_init
[__cs_barrier_init.assertion.1] line 183 count must be greater than 0: SUCCESS

examples/peterson_1.swarm/_csdr_peterson_1__instance_0_s8.c function __cs_barrier_wait_1
[__cs_barrier_wait_1.assertion.1] line 196 attempt to use an uninitialized barrier variable: SUCCESS

examples/peterson_1.swarm/_csdr_peterson_1__instance_0_s8.c function __cs_barrier_wait_2
[__cs_barrier_wait_2.assertion.1] line 202 attempt to use an uninitialized barrier variable: SUCCESS

examples/peterson_1.swarm/_csdr_peterson_1__instance_0_s8.c function __cs_cond_wait_1
[__cs_cond_wait_1.assertion.1] line 153 attempt to use an uninitialized conditional variable: SUCCESS
[__cs_cond_wait_1.assertion.2] line 154 attempt to use a destroyed conditional variable: SUCCESS

examples/peterson_1.swarm/_csdr_peterson_1__instance_0_s8.c function __cs_mutex_destroy
[__cs_mutex_destroy.assertion.1] line 115 attempt to destroy an uninitialized mutex: SUCCESS
[__cs_mutex_destroy.assertion.2] line 116 attempt to destroy a previously destroyed mutex: SUCCESS
[__cs_mutex_destroy.assertion.3] line 117 attempt to destroy a locked mutex: SUCCESS

examples/peterson_1.swarm/_csdr_peterson_1__instance_0_s8.c function __cs_mutex_lock
[__cs_mutex_lock.assertion.1] line 124 attempt to lock an uninitialized mutex: SUCCESS
[__cs_mutex_lock.assertion.2] line 125 attempt to lock a destroyed mutex: SUCCESS

examples/peterson_1.swarm/_csdr_peterson_1__instance_0_s8.c function __cs_mutex_unlock
[__cs_mutex_unlock.assertion.1] line 133 attempt to unlock an uninitialized mutex: SUCCESS
[__cs_mutex_unlock.assertion.2] line 134 attempt to unlock a destroyed mutex: SUCCESS

examples/peterson_1.swarm/_csdr_peterson_1__instance_0_s8.c function main
[main.assertion.1] line 445 Data race failure: FAILURE

** 1 of 13 failed (2 iterations)
VERIFICATION FAILED
